#! /c/Source/iverilog-install/bin/vvp
:ivl_version "12.0 (devel)" "(s20150603-1539-g2693dd32b)";
:ivl_delay_selection "TYPICAL";
:vpi_time_precision + 0;
:vpi_module "E:\Edu_software\verilog\iverilog\lib\ivl\system.vpi";
:vpi_module "E:\Edu_software\verilog\iverilog\lib\ivl\vhdl_sys.vpi";
:vpi_module "E:\Edu_software\verilog\iverilog\lib\ivl\vhdl_textio.vpi";
:vpi_module "E:\Edu_software\verilog\iverilog\lib\ivl\v2005_math.vpi";
:vpi_module "E:\Edu_software\verilog\iverilog\lib\ivl\va_math.vpi";
S_00000230f480b8b0 .scope module, "transmit_data" "transmit_data" 2 1;
 .timescale 0 0;
    .port_info 0 /INPUT 1 "clk";
    .port_info 1 /INPUT 1 "wr_enb";
    .port_info 2 /INPUT 1 "enb";
    .port_info 3 /INPUT 1 "rst";
    .port_info 4 /INPUT 8 "data_in";
    .port_info 5 /OUTPUT 1 "tx";
    .port_info 6 /OUTPUT 1 "busy";
P_00000230f480ba40 .param/l "DATA" 0 2 19, C4<10>;
P_00000230f480ba78 .param/l "IDLE" 0 2 17, C4<00>;
P_00000230f480bab0 .param/l "START" 0 2 18, C4<01>;
P_00000230f480bae8 .param/l "STOP" 0 2 20, C4<11>;
L_00000230f48a1ff8 .functor BUFT 1, C4<00>, C4<0>, C4<0>, C4<0>;
v00000230f480bb30_0 .net/2u *"_ivl_0", 1 0, L_00000230f48a1ff8;  1 drivers
v00000230f480bbd0_0 .net "busy", 0 0, L_00000230f48ea5f0;  1 drivers
o00000230f485cfd8 .functor BUFZ 1, C4<z>; HiZ drive
v00000230f480bc70_0 .net "clk", 0 0, o00000230f485cfd8;  0 drivers
o00000230f485d008 .functor BUFZ 8, C4<zzzzzzzz>; HiZ drive
v00000230f4854890_0 .net "data_in", 7 0, o00000230f485d008;  0 drivers
v00000230f4854930_0 .var "data_stream", 7 0;
o00000230f485d068 .functor BUFZ 1, C4<z>; HiZ drive
v00000230f48549d0_0 .net "enb", 0 0, o00000230f485d068;  0 drivers
v00000230f4854a70_0 .var "index", 7 0;
v00000230f4854b10_0 .var "next_state", 1 0;
v00000230f4854bb0_0 .var "present_state", 1 0;
o00000230f485d128 .functor BUFZ 1, C4<z>; HiZ drive
v00000230f4854c50_0 .net "rst", 0 0, o00000230f485d128;  0 drivers
v00000230f4854cf0_0 .var "tx", 0 0;
o00000230f485d188 .functor BUFZ 1, C4<z>; HiZ drive
v00000230f4854d90_0 .net "wr_enb", 0 0, o00000230f485d188;  0 drivers
E_00000230f485a980/0 .event anyedge, v00000230f4854bb0_0, v00000230f4854d90_0, v00000230f4854890_0, v00000230f48549d0_0;
E_00000230f485a980/1 .event anyedge, v00000230f4854a70_0, v00000230f4854930_0;
E_00000230f485a980 .event/or E_00000230f485a980/0, E_00000230f485a980/1;
E_00000230f485a340 .event posedge, v00000230f4854c50_0, v00000230f480bc70_0;
L_00000230f48ea5f0 .cmp/ne 2, v00000230f4854bb0_0, L_00000230f48a1ff8;
    .scope S_00000230f480b8b0;
T_0 ;
    %wait E_00000230f485a340;
    %load/vec4 v00000230f4854c50_0;
    %flag_set/vec4 8;
    %jmp/0xz  T_0.0, 8;
    %pushi/vec4 0, 0, 2;
    %assign/vec4 v00000230f4854bb0_0, 0;
    %jmp T_0.1;
T_0.0 ;
    %load/vec4 v00000230f4854b10_0;
    %assign/vec4 v00000230f4854bb0_0, 0;
T_0.1 ;
    %jmp T_0;
    .thread T_0;
    .scope S_00000230f480b8b0;
T_1 ;
    %wait E_00000230f485a980;
    %load/vec4 v00000230f4854bb0_0;
    %store/vec4 v00000230f4854b10_0, 0, 2;
    %load/vec4 v00000230f4854bb0_0;
    %dup/vec4;
    %pushi/vec4 0, 0, 2;
    %cmp/u;
    %jmp/1 T_1.0, 6;
    %dup/vec4;
    %pushi/vec4 1, 0, 2;
    %cmp/u;
    %jmp/1 T_1.1, 6;
    %dup/vec4;
    %pushi/vec4 2, 0, 2;
    %cmp/u;
    %jmp/1 T_1.2, 6;
    %dup/vec4;
    %pushi/vec4 3, 0, 2;
    %cmp/u;
    %jmp/1 T_1.3, 6;
    %pushi/vec4 1, 0, 1;
    %store/vec4 v00000230f4854cf0_0, 0, 1;
    %pushi/vec4 0, 0, 2;
    %store/vec4 v00000230f4854b10_0, 0, 2;
    %jmp T_1.5;
T_1.0 ;
    %load/vec4 v00000230f4854d90_0;
    %flag_set/vec4 8;
    %jmp/0xz  T_1.6, 8;
    %load/vec4 v00000230f4854890_0;
    %store/vec4 v00000230f4854930_0, 0, 8;
    %pushi/vec4 1, 0, 2;
    %store/vec4 v00000230f4854b10_0, 0, 2;
    %jmp T_1.7;
T_1.6 ;
    %pushi/vec4 0, 0, 2;
    %store/vec4 v00000230f4854b10_0, 0, 2;
T_1.7 ;
    %jmp T_1.5;
T_1.1 ;
    %load/vec4 v00000230f48549d0_0;
    %flag_set/vec4 8;
    %jmp/0xz  T_1.8, 8;
    %pushi/vec4 0, 0, 1;
    %store/vec4 v00000230f4854cf0_0, 0, 1;
    %pushi/vec4 2, 0, 2;
    %store/vec4 v00000230f4854b10_0, 0, 2;
    %jmp T_1.9;
T_1.8 ;
    %pushi/vec4 1, 0, 2;
    %store/vec4 v00000230f4854b10_0, 0, 2;
T_1.9 ;
    %jmp T_1.5;
T_1.2 ;
    %load/vec4 v00000230f48549d0_0;
    %flag_set/vec4 8;
    %jmp/0xz  T_1.10, 8;
    %load/vec4 v00000230f4854a70_0;
    %cmpi/e 7, 0, 8;
    %jmp/0xz  T_1.12, 4;
    %pushi/vec4 3, 0, 2;
    %store/vec4 v00000230f4854b10_0, 0, 2;
    %jmp T_1.13;
T_1.12 ;
    %load/vec4 v00000230f4854a70_0;
    %addi 1, 0, 8;
    %store/vec4 v00000230f4854a70_0, 0, 8;
    %load/vec4 v00000230f4854930_0;
    %load/vec4 v00000230f4854a70_0;
    %part/u 1;
    %store/vec4 v00000230f4854cf0_0, 0, 1;
T_1.13 ;
T_1.10 ;
    %jmp T_1.5;
T_1.3 ;
    %load/vec4 v00000230f48549d0_0;
    %flag_set/vec4 8;
    %jmp/0xz  T_1.14, 8;
    %pushi/vec4 1, 0, 1;
    %store/vec4 v00000230f4854cf0_0, 0, 1;
    %pushi/vec4 0, 0, 2;
    %store/vec4 v00000230f4854b10_0, 0, 2;
T_1.14 ;
    %jmp T_1.5;
T_1.5 ;
    %pop/vec4 1;
    %jmp T_1;
    .thread T_1, $push;
# The file index is used to find the file name in the following table.
:file_names 3;
    "N/A";
    "<interactive>";
    "transmitter.v";
